2022-12-26 10:13:07,222 INFO o.h.v.i.u.Version [background-preinit] HV000001: Hibernate Validator 6.2.5.Final
2022-12-26 10:13:07,342 INFO o.s.b.StartupInfoLogger [restartedMain] Starting OdsApplication using Java 17.0.4.1 on NRD5CG6476Y1G with PID 8660 (C:\Users\dikilic\Desktop\office-day-scheduler\target\classes started by dikilic in C:\Users\dikilic\Desktop\office-day-scheduler)
2022-12-26 10:13:07,361 INFO o.s.b.SpringApplication [restartedMain] No active profile set, falling back to 1 default profile: "default"
2022-12-26 10:13:07,558 INFO o.s.b.l.DeferredLog [restartedMain] Devtools property defaults active! Set 'spring.devtools.add-properties' to 'false' to disable
2022-12-26 10:13:07,559 INFO o.s.b.l.DeferredLog [restartedMain] For additional web related logging consider setting the 'logging.level.web' property to 'DEBUG'
2022-12-26 10:13:09,687 INFO o.s.d.r.c.RepositoryConfigurationDelegate [restartedMain] Bootstrapping Spring Data JPA repositories in DEFAULT mode.
2022-12-26 10:13:09,899 INFO o.s.d.r.c.RepositoryConfigurationDelegate [restartedMain] Finished Spring Data repository scanning in 197 ms. Found 8 JPA repository interfaces.
2022-12-26 10:13:11,922 INFO o.s.b.w.e.t.TomcatWebServer [restartedMain] Tomcat initialized with port(s): 8090 (http)
2022-12-26 10:13:11,988 INFO o.a.j.l.DirectJDKLog [restartedMain] Initializing ProtocolHandler ["http-nio-8090"]
2022-12-26 10:13:11,990 INFO o.a.j.l.DirectJDKLog [restartedMain] Starting service [Tomcat]
2022-12-26 10:13:11,991 INFO o.a.j.l.DirectJDKLog [restartedMain] Starting Servlet engine: [Apache Tomcat/9.0.65]
2022-12-26 10:13:12,275 INFO o.a.j.l.DirectJDKLog [restartedMain] Initializing Spring embedded WebApplicationContext
2022-12-26 10:13:12,277 INFO o.s.b.w.s.c.ServletWebServerApplicationContext [restartedMain] Root WebApplicationContext: initialization completed in 4715 ms
2022-12-26 10:13:12,815 INFO o.h.j.i.u.LogHelper [restartedMain] HHH000204: Processing PersistenceUnitInfo [name: default]
2022-12-26 10:13:13,001 INFO o.h.Version [restartedMain] HHH000412: Hibernate ORM core version 5.6.11.Final
2022-12-26 10:13:13,475 INFO o.h.a.c.r.j.JavaReflectionManager [restartedMain] HCANN000001: Hibernate Commons Annotations {5.1.2.Final}
2022-12-26 10:13:13,773 INFO c.z.h.HikariDataSource [restartedMain] HikariPool-1 - Starting...
2022-12-26 10:13:14,187 INFO c.z.h.HikariDataSource [restartedMain] HikariPool-1 - Start completed.
2022-12-26 10:13:14,235 INFO o.h.d.Dialect [restartedMain] HHH000400: Using dialect: org.hibernate.dialect.PostgreSQLDialect
2022-12-26 10:13:16,376 INFO o.h.e.t.j.p.i.JtaPlatformInitiator [restartedMain] HHH000490: Using JtaPlatform implementation: [org.hibernate.engine.transaction.jta.platform.internal.NoJtaPlatform]
2022-12-26 10:13:16,408 INFO o.s.o.j.AbstractEntityManagerFactoryBean [restartedMain] Initialized JPA EntityManagerFactory for persistence unit 'default'
2022-12-26 10:13:18,579 INFO o.s.s.w.DefaultSecurityFilterChain [restartedMain] Will secure any request with [org.springframework.security.web.session.DisableEncodeUrlFilter@2871e606, org.springframework.security.web.context.request.async.WebAsyncManagerIntegrationFilter@5dd93d18, org.springframework.security.web.context.SecurityContextPersistenceFilter@3c43346f, org.springframework.security.web.header.HeaderWriterFilter@4e41fa2f, org.springframework.web.filter.CorsFilter@271abb8d, org.springframework.security.web.authentication.logout.LogoutFilter@d5ff7ba, com.base.ods.security.JwtAuthenticationFilter@6890e972, org.springframework.security.web.savedrequest.RequestCacheAwareFilter@2101aeb8, org.springframework.security.web.servletapi.SecurityContextHolderAwareRequestFilter@b8f6249, org.springframework.security.web.authentication.AnonymousAuthenticationFilter@60458e68, org.springframework.security.web.session.SessionManagementFilter@c866898, org.springframework.security.web.access.ExceptionTranslationFilter@76df1972, org.springframework.security.web.access.intercept.FilterSecurityInterceptor@7a8979a3]
2022-12-26 10:13:18,750 WARN o.s.b.a.o.j.JpaBaseConfiguration$JpaWebConfiguration [restartedMain] spring.jpa.open-in-view is enabled by default. Therefore, database queries may be performed during view rendering. Explicitly configure spring.jpa.open-in-view to disable this warning
2022-12-26 10:13:19,742 INFO o.s.b.d.a.OptionalLiveReloadServer [restartedMain] LiveReload server is running on port 35729
2022-12-26 10:13:19,793 INFO o.a.j.l.DirectJDKLog [restartedMain] Starting ProtocolHandler ["http-nio-8090"]
2022-12-26 10:13:19,866 INFO o.s.b.w.e.t.TomcatWebServer [restartedMain] Tomcat started on port(s): 8090 (http) with context path ''
2022-12-26 10:13:19,893 INFO o.s.b.StartupInfoLogger [restartedMain] Started OdsApplication in 13.454 seconds (JVM running for 15.803)
2022-12-26 10:13:53,282 INFO o.a.j.l.DirectJDKLog [http-nio-8090-exec-1] Initializing Spring DispatcherServlet 'dispatcherServlet'
2022-12-26 10:13:53,283 INFO o.s.w.s.FrameworkServlet [http-nio-8090-exec-1] Initializing Servlet 'dispatcherServlet'
2022-12-26 10:13:53,286 INFO o.s.w.s.FrameworkServlet [http-nio-8090-exec-1] Completed initialization in 2 ms
2022-12-26 10:15:31,433 WARN o.s.w.s.h.AbstractHandlerExceptionResolver [http-nio-8090-exec-7] Resolved [com.base.ods.exception.EntityNotFoundException: User Not Found]
2022-12-26 10:17:43,781 INFO o.s.o.j.AbstractEntityManagerFactoryBean [SpringApplicationShutdownHook] Closing JPA EntityManagerFactory for persistence unit 'default'
2022-12-26 10:17:43,786 INFO c.z.h.HikariDataSource [SpringApplicationShutdownHook] HikariPool-1 - Shutdown initiated...
2022-12-26 10:17:43,795 INFO c.z.h.HikariDataSource [SpringApplicationShutdownHook] HikariPool-1 - Shutdown completed.
